<?xml version="1.0" encoding="UTF-8"?>
<coverage generated="1691944717042" clover="3.2.0">
  <project timestamp="1691944717043" name="All files">
    <metrics statements="72" coveredstatements="59" conditionals="20" coveredconditionals="11" methods="26" coveredmethods="19" elements="118" coveredelements="89" complexity="0" loc="72" ncloc="72" packages="6" files="7" classes="7"/>
    <package name="src">
      <metrics statements="2" coveredstatements="2" conditionals="0" coveredconditionals="0" methods="1" coveredmethods="1"/>
      <file name="App.tsx" path="/home/runner/work/status-chart/status-chart/src/App.tsx">
        <metrics statements="2" coveredstatements="2" conditionals="0" coveredconditionals="0" methods="1" coveredmethods="1"/>
        <line num="4" count="1" type="stmt"/>
        <line num="5" count="1" type="stmt"/>
      </file>
    </package>
    <package name="src.__test__">
      <metrics statements="4" coveredstatements="4" conditionals="1" coveredconditionals="1" methods="3" coveredmethods="3"/>
      <file name="TestUtils.tsx" path="/home/runner/work/status-chart/status-chart/src/__test__/TestUtils.tsx">
        <metrics statements="4" coveredstatements="4" conditionals="1" coveredconditionals="1" methods="3" coveredmethods="3"/>
        <line num="5" count="2" type="stmt"/>
        <line num="6" count="2" type="stmt"/>
        <line num="10" count="2" type="stmt"/>
        <line num="12" count="2" type="stmt"/>
      </file>
    </package>
    <package name="src.components">
      <metrics statements="29" coveredstatements="17" conditionals="8" coveredconditionals="0" methods="17" coveredmethods="10"/>
      <file name="LineChart.tsx" path="/home/runner/work/status-chart/status-chart/src/components/LineChart.tsx">
        <metrics statements="29" coveredstatements="17" conditionals="8" coveredconditionals="0" methods="17" coveredmethods="10"/>
        <line num="19" count="2" type="stmt"/>
        <line num="30" count="2" type="stmt"/>
        <line num="31" count="2" type="stmt"/>
        <line num="32" count="2" type="stmt"/>
        <line num="39" count="0" type="stmt"/>
        <line num="62" count="0" type="cond" truecount="0" falsecount="2"/>
        <line num="63" count="0" type="cond" truecount="0" falsecount="2"/>
        <line num="64" count="0" type="stmt"/>
        <line num="66" count="0" type="cond" truecount="0" falsecount="4"/>
        <line num="67" count="0" type="stmt"/>
        <line num="69" count="0" type="stmt"/>
        <line num="79" count="0" type="stmt"/>
        <line num="95" count="2" type="stmt"/>
        <line num="103" count="2" type="stmt"/>
        <line num="112" count="2" type="stmt"/>
        <line num="113" count="962" type="stmt"/>
        <line num="117" count="962" type="stmt"/>
        <line num="119" count="962" type="stmt"/>
        <line num="123" count="0" type="stmt"/>
        <line num="129" count="962" type="stmt"/>
        <line num="130" count="962" type="stmt"/>
        <line num="133" count="0" type="stmt"/>
        <line num="139" count="962" type="stmt"/>
        <line num="141" count="962" type="stmt"/>
        <line num="145" count="0" type="stmt"/>
        <line num="151" count="962" type="stmt"/>
        <line num="153" count="962" type="stmt"/>
        <line num="157" count="0" type="stmt"/>
        <line num="163" count="2" type="stmt"/>
      </file>
    </package>
    <package name="src.constants">
      <metrics statements="2" coveredstatements="2" conditionals="0" coveredconditionals="0" methods="0" coveredmethods="0"/>
      <file name="constants.ts" path="/home/runner/work/status-chart/status-chart/src/constants/constants.ts">
        <metrics statements="2" coveredstatements="2" conditionals="0" coveredconditionals="0" methods="0" coveredmethods="0"/>
        <line num="1" count="2" type="stmt"/>
        <line num="2" count="2" type="stmt"/>
      </file>
    </package>
    <package name="src.types">
      <metrics statements="4" coveredstatements="4" conditionals="2" coveredconditionals="2" methods="1" coveredmethods="1"/>
      <file name="index.ts" path="/home/runner/work/status-chart/status-chart/src/types/index.ts">
        <metrics statements="4" coveredstatements="4" conditionals="2" coveredconditionals="2" methods="1" coveredmethods="1"/>
        <line num="16" count="4" type="cond" truecount="2" falsecount="0"/>
        <line num="17" count="4" type="stmt"/>
        <line num="18" count="4" type="stmt"/>
        <line num="19" count="4" type="stmt"/>
      </file>
    </package>
    <package name="src.utils">
      <metrics statements="31" coveredstatements="30" conditionals="9" coveredconditionals="8" methods="4" coveredmethods="4"/>
      <file name="DataGenerator.ts" path="/home/runner/work/status-chart/status-chart/src/utils/DataGenerator.ts">
        <metrics statements="18" coveredstatements="18" conditionals="0" coveredconditionals="0" methods="2" coveredmethods="2"/>
        <line num="5" count="6" type="stmt"/>
        <line num="6" count="6" type="stmt"/>
        <line num="7" count="6" type="stmt"/>
        <line num="8" count="5" type="stmt"/>
        <line num="10" count="5" type="stmt"/>
        <line num="11" count="5" type="stmt"/>
        <line num="13" count="5" type="stmt"/>
        <line num="15" count="5" type="stmt"/>
        <line num="16" count="1325" type="stmt"/>
        <line num="18" count="1325" type="stmt"/>
        <line num="19" count="5300" type="stmt"/>
        <line num="20" count="5300" type="stmt"/>
        <line num="25" count="1325" type="stmt"/>
        <line num="33" count="1325" type="stmt"/>
        <line num="34" count="1325" type="stmt"/>
        <line num="37" count="5" type="stmt"/>
        <line num="39" count="1" type="stmt"/>
        <line num="40" count="1" type="stmt"/>
      </file>
      <file name="LineChartUtils.ts" path="/home/runner/work/status-chart/status-chart/src/utils/LineChartUtils.ts">
        <metrics statements="13" coveredstatements="12" conditionals="9" coveredconditionals="8" methods="2" coveredmethods="2"/>
        <line num="3" count="3" type="stmt"/>
        <line num="4" count="5" type="cond" truecount="5" falsecount="0"/>
        <line num="6" count="1" type="stmt"/>
        <line num="8" count="1" type="stmt"/>
        <line num="10" count="1" type="stmt"/>
        <line num="12" count="1" type="stmt"/>
        <line num="14" count="1" type="stmt"/>
        <line num="18" count="3" type="stmt"/>
        <line num="19" count="3851" type="cond" truecount="3" falsecount="1"/>
        <line num="21" count="1266" type="stmt"/>
        <line num="23" count="1325" type="stmt"/>
        <line num="25" count="1260" type="stmt"/>
        <line num="27" count="0" type="stmt"/>
      </file>
    </package>
  </project>
</coverage>
