{"/home/runner/work/status-chart/status-chart/src/App.tsx": {"path":"/home/runner/work/status-chart/status-chart/src/App.tsx","statementMap":{"0":{"start":{"line":4,"column":22},"end":{"line":12,"column":null}},"1":{"start":{"line":5,"column":2},"end":{"line":10,"column":null}}},"fnMap":{"0":{"name":"(anonymous_0)","decl":{"start":{"line":4,"column":22},"end":{"line":4,"column":28}},"loc":{"start":{"line":4,"column":28},"end":{"line":12,"column":null}}}},"branchMap":{},"s":{"0":1,"1":1},"f":{"0":1},"b":{}}
,"/home/runner/work/status-chart/status-chart/src/__test__/TestUtils.tsx": {"path":"/home/runner/work/status-chart/status-chart/src/__test__/TestUtils.tsx","statementMap":{"0":{"start":{"line":5,"column":0},"end":{"line":7,"column":null}},"1":{"start":{"line":6,"column":2},"end":{"line":6,"column":null}},"2":{"start":{"line":10,"column":2},"end":{"line":14,"column":null}},"3":{"start":{"line":12,"column":31},"end":{"line":12,"column":null}}},"fnMap":{"0":{"name":"(anonymous_0)","decl":{"start":{"line":5,"column":10},"end":{"line":5,"column":16}},"loc":{"start":{"line":5,"column":16},"end":{"line":7,"column":1}}},"1":{"name":"customRender","decl":{"start":{"line":9,"column":9},"end":{"line":9,"column":22}},"loc":{"start":{"line":9,"column":60},"end":{"line":15,"column":null}}},"2":{"name":"(anonymous_2)","decl":{"start":{"line":12,"column":13},"end":{"line":12,"column":14}},"loc":{"start":{"line":12,"column":31},"end":{"line":12,"column":null}}}},"branchMap":{"0":{"loc":{"start":{"line":9,"column":46},"end":{"line":9,"column":60}},"type":"default-arg","locations":[{"start":{"line":9,"column":56},"end":{"line":9,"column":60}}]}},"s":{"0":2,"1":2,"2":2,"3":2},"f":{"0":2,"1":2,"2":2},"b":{"0":[2]}}
,"/home/runner/work/status-chart/status-chart/src/components/LineChart.tsx": {"path":"/home/runner/work/status-chart/status-chart/src/components/LineChart.tsx","statementMap":{"0":{"start":{"line":19,"column":0},"end":{"line":28,"column":null}},"1":{"start":{"line":30,"column":28},"end":{"line":164,"column":null}},"2":{"start":{"line":31,"column":18},"end":{"line":31,"column":null}},"3":{"start":{"line":32,"column":18},"end":{"line":93,"column":null}},"4":{"start":{"line":39,"column":12},"end":{"line":51,"column":null}},"5":{"start":{"line":62,"column":24},"end":{"line":62,"column":null}},"6":{"start":{"line":63,"column":12},"end":{"line":65,"column":null}},"7":{"start":{"line":64,"column":14},"end":{"line":64,"column":null}},"8":{"start":{"line":66,"column":12},"end":{"line":68,"column":null}},"9":{"start":{"line":67,"column":14},"end":{"line":67,"column":null}},"10":{"start":{"line":69,"column":12},"end":{"line":69,"column":null}},"11":{"start":{"line":79,"column":12},"end":{"line":79,"column":null}},"12":{"start":{"line":95,"column":45},"end":{"line":101,"column":null}},"13":{"start":{"line":103,"column":25},"end":{"line":110,"column":null}},"14":{"start":{"line":112,"column":15},"end":{"line":162,"column":null}},"15":{"start":{"line":113,"column":37},"end":{"line":113,"column":54}},"16":{"start":{"line":117,"column":39},"end":{"line":117,"column":57}},"17":{"start":{"line":119,"column":10},"end":{"line":119,"column":null}},"18":{"start":{"line":123,"column":12},"end":{"line":123,"column":null}},"19":{"start":{"line":129,"column":39},"end":{"line":129,"column":54}},"20":{"start":{"line":130,"column":50},"end":{"line":130,"column":77}},"21":{"start":{"line":133,"column":12},"end":{"line":133,"column":null}},"22":{"start":{"line":139,"column":39},"end":{"line":139,"column":61}},"23":{"start":{"line":141,"column":10},"end":{"line":141,"column":null}},"24":{"start":{"line":145,"column":12},"end":{"line":145,"column":null}},"25":{"start":{"line":151,"column":39},"end":{"line":151,"column":56}},"26":{"start":{"line":153,"column":10},"end":{"line":153,"column":null}},"27":{"start":{"line":157,"column":12},"end":{"line":157,"column":null}},"28":{"start":{"line":163,"column":2},"end":{"line":163,"column":null}}},"fnMap":{"0":{"name":"(anonymous_0)","decl":{"start":{"line":30,"column":28},"end":{"line":30,"column":34}},"loc":{"start":{"line":30,"column":34},"end":{"line":164,"column":null}}},"1":{"name":"(anonymous_1)","decl":{"start":{"line":38,"column":10},"end":{"line":38,"column":27}},"loc":{"start":{"line":38,"column":27},"end":{"line":52,"column":null}}},"2":{"name":"(anonymous_2)","decl":{"start":{"line":61,"column":17},"end":{"line":61,"column":27}},"loc":{"start":{"line":61,"column":57},"end":{"line":70,"column":null}}},"3":{"name":"(anonymous_3)","decl":{"start":{"line":78,"column":20},"end":{"line":78,"column":30}},"loc":{"start":{"line":78,"column":54},"end":{"line":80,"column":null}}},"4":{"name":"(anonymous_4)","decl":{"start":{"line":113,"column":24},"end":{"line":113,"column":25}},"loc":{"start":{"line":113,"column":37},"end":{"line":113,"column":54}}},"5":{"name":"(anonymous_5)","decl":{"start":{"line":117,"column":26},"end":{"line":117,"column":27}},"loc":{"start":{"line":117,"column":39},"end":{"line":117,"column":57}}},"6":{"name":"(anonymous_6)","decl":{"start":{"line":118,"column":37},"end":{"line":118,"column":38}},"loc":{"start":{"line":119,"column":10},"end":{"line":119,"column":null}}},"7":{"name":"(anonymous_7)","decl":{"start":{"line":122,"column":23},"end":{"line":122,"column":24}},"loc":{"start":{"line":123,"column":12},"end":{"line":123,"column":null}}},"8":{"name":"(anonymous_8)","decl":{"start":{"line":129,"column":26},"end":{"line":129,"column":27}},"loc":{"start":{"line":129,"column":39},"end":{"line":129,"column":54}}},"9":{"name":"(anonymous_9)","decl":{"start":{"line":130,"column":37},"end":{"line":130,"column":38}},"loc":{"start":{"line":130,"column":50},"end":{"line":130,"column":77}}},"10":{"name":"(anonymous_10)","decl":{"start":{"line":132,"column":23},"end":{"line":132,"column":24}},"loc":{"start":{"line":133,"column":12},"end":{"line":133,"column":null}}},"11":{"name":"(anonymous_11)","decl":{"start":{"line":139,"column":26},"end":{"line":139,"column":27}},"loc":{"start":{"line":139,"column":39},"end":{"line":139,"column":61}}},"12":{"name":"(anonymous_12)","decl":{"start":{"line":140,"column":37},"end":{"line":140,"column":38}},"loc":{"start":{"line":141,"column":10},"end":{"line":141,"column":null}}},"13":{"name":"(anonymous_13)","decl":{"start":{"line":144,"column":23},"end":{"line":144,"column":24}},"loc":{"start":{"line":145,"column":12},"end":{"line":145,"column":null}}},"14":{"name":"(anonymous_14)","decl":{"start":{"line":151,"column":26},"end":{"line":151,"column":27}},"loc":{"start":{"line":151,"column":39},"end":{"line":151,"column":56}}},"15":{"name":"(anonymous_15)","decl":{"start":{"line":152,"column":37},"end":{"line":152,"column":38}},"loc":{"start":{"line":153,"column":10},"end":{"line":153,"column":null}}},"16":{"name":"(anonymous_16)","decl":{"start":{"line":156,"column":23},"end":{"line":156,"column":24}},"loc":{"start":{"line":157,"column":12},"end":{"line":157,"column":null}}}},"branchMap":{"0":{"loc":{"start":{"line":62,"column":24},"end":{"line":62,"column":null}},"type":"binary-expr","locations":[{"start":{"line":62,"column":24},"end":{"line":62,"column":49}},{"start":{"line":62,"column":49},"end":{"line":62,"column":null}}]},"1":{"loc":{"start":{"line":63,"column":12},"end":{"line":65,"column":null}},"type":"if","locations":[{"start":{"line":63,"column":12},"end":{"line":65,"column":null}},{"start":{"line":63,"column":12},"end":{"line":65,"column":null}}]},"2":{"loc":{"start":{"line":66,"column":12},"end":{"line":68,"column":null}},"type":"if","locations":[{"start":{"line":66,"column":12},"end":{"line":68,"column":null}},{"start":{"line":66,"column":12},"end":{"line":68,"column":null}}]},"3":{"loc":{"start":{"line":66,"column":16},"end":{"line":66,"column":72}},"type":"binary-expr","locations":[{"start":{"line":66,"column":16},"end":{"line":66,"column":45}},{"start":{"line":66,"column":45},"end":{"line":66,"column":72}}]}},"s":{"0":2,"1":2,"2":2,"3":2,"4":0,"5":0,"6":0,"7":0,"8":0,"9":0,"10":0,"11":0,"12":2,"13":2,"14":2,"15":962,"16":962,"17":962,"18":0,"19":962,"20":962,"21":0,"22":962,"23":962,"24":0,"25":962,"26":962,"27":0,"28":2},"f":{"0":2,"1":0,"2":0,"3":0,"4":962,"5":962,"6":962,"7":0,"8":962,"9":962,"10":0,"11":962,"12":962,"13":0,"14":962,"15":962,"16":0},"b":{"0":[0,0],"1":[0,0],"2":[0,0],"3":[0,0]}}
,"/home/runner/work/status-chart/status-chart/src/constants/constants.ts": {"path":"/home/runner/work/status-chart/status-chart/src/constants/constants.ts","statementMap":{"0":{"start":{"line":1,"column":21},"end":{"line":1,"column":null}},"1":{"start":{"line":2,"column":24},"end":{"line":2,"column":null}}},"fnMap":{},"branchMap":{},"s":{"0":2,"1":2},"f":{},"b":{}}
,"/home/runner/work/status-chart/status-chart/src/types/index.ts": {"path":"/home/runner/work/status-chart/status-chart/src/types/index.ts","statementMap":{"0":{"start":{"line":16,"column":7},"end":{"line":16,"column":null}},"1":{"start":{"line":17,"column":4},"end":{"line":17,"column":null}},"2":{"start":{"line":18,"column":4},"end":{"line":18,"column":null}},"3":{"start":{"line":19,"column":4},"end":{"line":19,"column":null}},"4":{"start":{"line":16,"column":12},"end":{"line":16,"column":null}}},"fnMap":{"0":{"name":"(anonymous_0)","decl":{"start":{"line":16,"column":7},"end":{"line":16,"column":12}},"loc":{"start":{"line":16,"column":7},"end":{"line":16,"column":null}}}},"branchMap":{"0":{"loc":{"start":{"line":16,"column":12},"end":{"line":16,"column":null}},"type":"binary-expr","locations":[{"start":{"line":16,"column":12},"end":{"line":16,"column":null}},{"start":{"line":16,"column":12},"end":{"line":16,"column":null}}]}},"s":{"0":4,"1":4,"2":4,"3":4,"4":4},"f":{"0":4},"b":{"0":[4,4]}}
,"/home/runner/work/status-chart/status-chart/src/utils/DataGenerator.ts": {"path":"/home/runner/work/status-chart/status-chart/src/utils/DataGenerator.ts","statementMap":{"0":{"start":{"line":5,"column":4},"end":{"line":41,"column":null}},"1":{"start":{"line":6,"column":34},"end":{"line":6,"column":null}},"2":{"start":{"line":7,"column":31},"end":{"line":7,"column":null}},"3":{"start":{"line":8,"column":8},"end":{"line":8,"column":null}},"4":{"start":{"line":10,"column":40},"end":{"line":10,"column":null}},"5":{"start":{"line":11,"column":21},"end":{"line":11,"column":null}},"6":{"start":{"line":13,"column":31},"end":{"line":13,"column":null}},"7":{"start":{"line":15,"column":8},"end":{"line":35,"column":null}},"8":{"start":{"line":16,"column":60},"end":{"line":16,"column":null}},"9":{"start":{"line":18,"column":12},"end":{"line":23,"column":null}},"10":{"start":{"line":19,"column":37},"end":{"line":19,"column":null}},"11":{"start":{"line":20,"column":16},"end":{"line":22,"column":null}},"12":{"start":{"line":25,"column":39},"end":{"line":31,"column":null}},"13":{"start":{"line":33,"column":12},"end":{"line":33,"column":null}},"14":{"start":{"line":34,"column":12},"end":{"line":34,"column":null}},"15":{"start":{"line":37,"column":8},"end":{"line":37,"column":null}},"16":{"start":{"line":39,"column":8},"end":{"line":39,"column":null}},"17":{"start":{"line":40,"column":8},"end":{"line":40,"column":null}}},"fnMap":{"0":{"name":"generate","decl":{"start":{"line":4,"column":16},"end":{"line":4,"column":25}},"loc":{"start":{"line":4,"column":58},"end":{"line":42,"column":null}}},"1":{"name":"(anonymous_1)","decl":{"start":{"line":18,"column":25},"end":{"line":18,"column":26}},"loc":{"start":{"line":18,"column":55},"end":{"line":23,"column":13}}}},"branchMap":{},"s":{"0":6,"1":6,"2":6,"3":5,"4":5,"5":5,"6":5,"7":5,"8":1325,"9":1325,"10":5300,"11":5300,"12":1325,"13":1325,"14":1325,"15":5,"16":1,"17":1},"f":{"0":6,"1":5300},"b":{}}
,"/home/runner/work/status-chart/status-chart/src/utils/LineChartUtils.ts": {"path":"/home/runner/work/status-chart/status-chart/src/utils/LineChartUtils.ts","statementMap":{"0":{"start":{"line":3,"column":27},"end":{"line":16,"column":null}},"1":{"start":{"line":4,"column":4},"end":{"line":15,"column":null}},"2":{"start":{"line":6,"column":12},"end":{"line":6,"column":null}},"3":{"start":{"line":8,"column":12},"end":{"line":8,"column":null}},"4":{"start":{"line":10,"column":12},"end":{"line":10,"column":null}},"5":{"start":{"line":12,"column":12},"end":{"line":12,"column":null}},"6":{"start":{"line":14,"column":12},"end":{"line":14,"column":null}},"7":{"start":{"line":18,"column":24},"end":{"line":29,"column":null}},"8":{"start":{"line":19,"column":4},"end":{"line":28,"column":null}},"9":{"start":{"line":21,"column":12},"end":{"line":21,"column":null}},"10":{"start":{"line":23,"column":12},"end":{"line":23,"column":null}},"11":{"start":{"line":25,"column":12},"end":{"line":25,"column":null}},"12":{"start":{"line":27,"column":12},"end":{"line":27,"column":null}}},"fnMap":{"0":{"name":"(anonymous_0)","decl":{"start":{"line":3,"column":27},"end":{"line":3,"column":28}},"loc":{"start":{"line":3,"column":83},"end":{"line":16,"column":null}}},"1":{"name":"(anonymous_1)","decl":{"start":{"line":18,"column":24},"end":{"line":18,"column":25}},"loc":{"start":{"line":18,"column":52},"end":{"line":29,"column":null}}}},"branchMap":{"0":{"loc":{"start":{"line":4,"column":4},"end":{"line":15,"column":null}},"type":"switch","locations":[{"start":{"line":5,"column":8},"end":{"line":6,"column":null}},{"start":{"line":7,"column":8},"end":{"line":8,"column":null}},{"start":{"line":9,"column":8},"end":{"line":10,"column":null}},{"start":{"line":11,"column":8},"end":{"line":12,"column":null}},{"start":{"line":13,"column":8},"end":{"line":14,"column":null}}]},"1":{"loc":{"start":{"line":19,"column":4},"end":{"line":28,"column":null}},"type":"switch","locations":[{"start":{"line":20,"column":8},"end":{"line":21,"column":null}},{"start":{"line":22,"column":8},"end":{"line":23,"column":null}},{"start":{"line":24,"column":8},"end":{"line":25,"column":null}},{"start":{"line":26,"column":8},"end":{"line":27,"column":null}}]}},"s":{"0":3,"1":5,"2":1,"3":1,"4":1,"5":1,"6":1,"7":3,"8":3851,"9":1266,"10":1325,"11":1260,"12":0},"f":{"0":5,"1":3851},"b":{"0":[1,1,1,1,1],"1":[1266,1325,1260,0]}}
}
